2026-07-02 10:41:44,275 | INFO | PIPELINE STARTED | RUN_ID=20260702_104144
2026-07-02 10:41:44,276 | INFO | STARTING INGESTION: accepted_2007_to_2018Q4.csv
2026-07-02 10:41:49,199 | INFO | Saved data\bronze\accepted_part_0.parquet
2026-07-02 10:41:53,766 | INFO | Saved data\bronze\accepted_part_1.parquet
2026-07-02 10:41:58,510 | INFO | Saved data\bronze\accepted_part_2.parquet
2026-07-02 10:42:03,293 | INFO | Saved data\bronze\accepted_part_3.parquet
2026-07-02 10:42:08,815 | INFO | Saved data\bronze\accepted_part_4.parquet
2026-07-02 10:42:14,859 | INFO | Saved data\bronze\accepted_part_5.parquet
2026-07-02 10:42:20,863 | INFO | Saved data\bronze\accepted_part_6.parquet
2026-07-02 10:42:26,206 | INFO | Saved data\bronze\accepted_part_7.parquet
2026-07-02 10:42:31,862 | INFO | Saved data\bronze\accepted_part_8.parquet
2026-07-02 10:42:36,971 | INFO | Saved data\bronze\accepted_part_9.parquet
2026-07-02 10:42:42,084 | INFO | Saved data\bronze\accepted_part_10.parquet
2026-07-02 10:42:46,822 | INFO | Saved data\bronze\accepted_part_11.parquet
2026-07-02 10:42:51,423 | INFO | Saved data\bronze\accepted_part_12.parquet
2026-07-02 10:42:56,283 | INFO | Saved data\bronze\accepted_part_13.parquet
2026-07-02 10:43:01,289 | INFO | Saved data\bronze\accepted_part_14.parquet
2026-07-02 10:43:06,190 | INFO | Saved data\bronze\accepted_part_15.parquet
2026-07-02 10:43:10,917 | INFO | Saved data\bronze\accepted_part_16.parquet
2026-07-02 10:43:15,719 | INFO | Saved data\bronze\accepted_part_17.parquet
2026-07-02 10:43:20,403 | INFO | Saved data\bronze\accepted_part_18.parquet
2026-07-02 10:43:25,153 | INFO | Saved data\bronze\accepted_part_19.parquet
2026-07-02 10:43:30,165 | INFO | Saved data\bronze\accepted_part_20.parquet
2026-07-02 10:43:34,917 | INFO | Saved data\bronze\accepted_part_21.parquet
2026-07-02 10:43:37,802 | INFO | Saved data\bronze\accepted_part_22.parquet
2026-07-02 10:43:37,807 | INFO | COMPLETED: accepted_2007_to_2018Q4.csv | chunks=23
2026-07-02 10:43:37,808 | INFO | STARTING INGESTION: rejected_2007_to_2018Q4.csv
2026-07-02 10:43:38,066 | INFO | Saved data\bronze\rejected_part_0.parquet
2026-07-02 10:43:38,298 | INFO | Saved data\bronze\rejected_part_1.parquet
2026-07-02 10:43:38,556 | INFO | Saved data\bronze\rejected_part_2.parquet
2026-07-02 10:43:38,775 | INFO | Saved data\bronze\rejected_part_3.parquet
2026-07-02 10:43:38,987 | INFO | Saved data\bronze\rejected_part_4.parquet
2026-07-02 10:43:39,202 | INFO | Saved data\bronze\rejected_part_5.parquet
2026-07-02 10:43:39,444 | INFO | Saved data\bronze\rejected_part_6.parquet
2026-07-02 10:43:39,669 | INFO | Saved data\bronze\rejected_part_7.parquet
2026-07-02 10:43:39,885 | INFO | Saved data\bronze\rejected_part_8.parquet
2026-07-02 10:43:40,090 | INFO | Saved data\bronze\rejected_part_9.parquet
2026-07-02 10:43:40,294 | INFO | Saved data\bronze\rejected_part_10.parquet
2026-07-02 10:43:40,505 | INFO | Saved data\bronze\rejected_part_11.parquet
2026-07-02 10:43:40,717 | INFO | Saved data\bronze\rejected_part_12.parquet
2026-07-02 10:43:40,922 | INFO | Saved data\bronze\rejected_part_13.parquet
2026-07-02 10:43:41,127 | INFO | Saved data\bronze\rejected_part_14.parquet
2026-07-02 10:43:41,335 | INFO | Saved data\bronze\rejected_part_15.parquet
2026-07-02 10:43:41,534 | INFO | Saved data\bronze\rejected_part_16.parquet
2026-07-02 10:43:41,740 | INFO | Saved data\bronze\rejected_part_17.parquet
2026-07-02 10:43:41,941 | INFO | Saved data\bronze\rejected_part_18.parquet
2026-07-02 10:43:42,141 | INFO | Saved data\bronze\rejected_part_19.parquet
2026-07-02 10:43:42,344 | INFO | Saved data\bronze\rejected_part_20.parquet
2026-07-02 10:43:42,562 | INFO | Saved data\bronze\rejected_part_21.parquet
2026-07-02 10:43:42,762 | INFO | Saved data\bronze\rejected_part_22.parquet
2026-07-02 10:43:43,012 | INFO | Saved data\bronze\rejected_part_23.parquet
2026-07-02 10:43:43,212 | INFO | Saved data\bronze\rejected_part_24.parquet
2026-07-02 10:43:43,418 | INFO | Saved data\bronze\rejected_part_25.parquet
2026-07-02 10:43:43,623 | INFO | Saved data\bronze\rejected_part_26.parquet
2026-07-02 10:43:43,827 | INFO | Saved data\bronze\rejected_part_27.parquet
2026-07-02 10:43:44,044 | INFO | Saved data\bronze\rejected_part_28.parquet
2026-07-02 10:43:44,255 | INFO | Saved data\bronze\rejected_part_29.parquet
2026-07-02 10:43:44,467 | INFO | Saved data\bronze\rejected_part_30.parquet
2026-07-02 10:43:44,673 | INFO | Saved data\bronze\rejected_part_31.parquet
2026-07-02 10:43:44,882 | INFO | Saved data\bronze\rejected_part_32.parquet
2026-07-02 10:43:45,088 | INFO | Saved data\bronze\rejected_part_33.parquet
2026-07-02 10:43:45,291 | INFO | Saved data\bronze\rejected_part_34.parquet
2026-07-02 10:43:45,495 | INFO | Saved data\bronze\rejected_part_35.parquet
2026-07-02 10:43:45,713 | INFO | Saved data\bronze\rejected_part_36.parquet
2026-07-02 10:43:45,921 | INFO | Saved data\bronze\rejected_part_37.parquet
2026-07-02 10:43:46,128 | INFO | Saved data\bronze\rejected_part_38.parquet
2026-07-02 10:43:46,332 | INFO | Saved data\bronze\rejected_part_39.parquet
2026-07-02 10:43:46,541 | INFO | Saved data\bronze\rejected_part_40.parquet
2026-07-02 10:43:46,757 | INFO | Saved data\bronze\rejected_part_41.parquet
2026-07-02 10:43:46,970 | INFO | Saved data\bronze\rejected_part_42.parquet
2026-07-02 10:43:47,178 | INFO | Saved data\bronze\rejected_part_43.parquet
2026-07-02 10:43:47,385 | INFO | Saved data\bronze\rejected_part_44.parquet
2026-07-02 10:43:47,581 | INFO | Saved data\bronze\rejected_part_45.parquet
2026-07-02 10:43:47,780 | INFO | Saved data\bronze\rejected_part_46.parquet
2026-07-02 10:43:47,980 | INFO | Saved data\bronze\rejected_part_47.parquet
2026-07-02 10:43:48,187 | INFO | Saved data\bronze\rejected_part_48.parquet
2026-07-02 10:43:48,388 | INFO | Saved data\bronze\rejected_part_49.parquet
2026-07-02 10:43:48,589 | INFO | Saved data\bronze\rejected_part_50.parquet
2026-07-02 10:43:48,796 | INFO | Saved data\bronze\rejected_part_51.parquet
2026-07-02 10:43:48,995 | INFO | Saved data\bronze\rejected_part_52.parquet
2026-07-02 10:43:49,194 | INFO | Saved data\bronze\rejected_part_53.parquet
2026-07-02 10:43:49,400 | INFO | Saved data\bronze\rejected_part_54.parquet
2026-07-02 10:43:49,605 | INFO | Saved data\bronze\rejected_part_55.parquet
2026-07-02 10:43:49,804 | INFO | Saved data\bronze\rejected_part_56.parquet
2026-07-02 10:43:50,058 | INFO | Saved data\bronze\rejected_part_57.parquet
2026-07-02 10:43:50,253 | INFO | Saved data\bronze\rejected_part_58.parquet
2026-07-02 10:43:50,452 | INFO | Saved data\bronze\rejected_part_59.parquet
2026-07-02 10:43:50,654 | INFO | Saved data\bronze\rejected_part_60.parquet
2026-07-02 10:43:50,854 | INFO | Saved data\bronze\rejected_part_61.parquet
2026-07-02 10:43:51,054 | INFO | Saved data\bronze\rejected_part_62.parquet
2026-07-02 10:43:51,261 | INFO | Saved data\bronze\rejected_part_63.parquet
2026-07-02 10:43:51,462 | INFO | Saved data\bronze\rejected_part_64.parquet
2026-07-02 10:43:51,658 | INFO | Saved data\bronze\rejected_part_65.parquet
2026-07-02 10:43:51,875 | INFO | Saved data\bronze\rejected_part_66.parquet
2026-07-02 10:43:52,072 | INFO | Saved data\bronze\rejected_part_67.parquet
2026-07-02 10:43:52,268 | INFO | Saved data\bronze\rejected_part_68.parquet
2026-07-02 10:43:52,473 | INFO | Saved data\bronze\rejected_part_69.parquet
2026-07-02 10:43:52,682 | INFO | Saved data\bronze\rejected_part_70.parquet
2026-07-02 10:43:52,896 | INFO | Saved data\bronze\rejected_part_71.parquet
2026-07-02 10:43:53,112 | INFO | Saved data\bronze\rejected_part_72.parquet
2026-07-02 10:43:53,321 | INFO | Saved data\bronze\rejected_part_73.parquet
2026-07-02 10:43:53,538 | INFO | Saved data\bronze\rejected_part_74.parquet
2026-07-02 10:43:53,750 | INFO | Saved data\bronze\rejected_part_75.parquet
2026-07-02 10:43:53,960 | INFO | Saved data\bronze\rejected_part_76.parquet
2026-07-02 10:43:54,187 | INFO | Saved data\bronze\rejected_part_77.parquet
2026-07-02 10:43:54,402 | INFO | Saved data\bronze\rejected_part_78.parquet
2026-07-02 10:43:54,611 | INFO | Saved data\bronze\rejected_part_79.parquet
2026-07-02 10:43:54,823 | INFO | Saved data\bronze\rejected_part_80.parquet
2026-07-02 10:43:55,031 | INFO | Saved data\bronze\rejected_part_81.parquet
2026-07-02 10:43:55,238 | INFO | Saved data\bronze\rejected_part_82.parquet
2026-07-02 10:43:55,452 | INFO | Saved data\bronze\rejected_part_83.parquet
2026-07-02 10:43:55,664 | INFO | Saved data\bronze\rejected_part_84.parquet
2026-07-02 10:43:55,871 | INFO | Saved data\bronze\rejected_part_85.parquet
2026-07-02 10:43:56,081 | INFO | Saved data\bronze\rejected_part_86.parquet
2026-07-02 10:43:56,293 | INFO | Saved data\bronze\rejected_part_87.parquet
2026-07-02 10:43:56,496 | INFO | Saved data\bronze\rejected_part_88.parquet
2026-07-02 10:43:56,755 | INFO | Saved data\bronze\rejected_part_89.parquet
2026-07-02 10:43:56,965 | INFO | Saved data\bronze\rejected_part_90.parquet
2026-07-02 10:43:57,183 | INFO | Saved data\bronze\rejected_part_91.parquet
2026-07-02 10:43:57,397 | INFO | Saved data\bronze\rejected_part_92.parquet
2026-07-02 10:43:57,604 | INFO | Saved data\bronze\rejected_part_93.parquet
2026-07-02 10:43:57,812 | INFO | Saved data\bronze\rejected_part_94.parquet
2026-07-02 10:43:58,028 | INFO | Saved data\bronze\rejected_part_95.parquet
2026-07-02 10:43:58,243 | INFO | Saved data\bronze\rejected_part_96.parquet
2026-07-02 10:43:58,451 | INFO | Saved data\bronze\rejected_part_97.parquet
2026-07-02 10:43:58,664 | INFO | Saved data\bronze\rejected_part_98.parquet
2026-07-02 10:43:58,894 | INFO | Saved data\bronze\rejected_part_99.parquet
2026-07-02 10:43:59,104 | INFO | Saved data\bronze\rejected_part_100.parquet
2026-07-02 10:43:59,307 | INFO | Saved data\bronze\rejected_part_101.parquet
2026-07-02 10:43:59,522 | INFO | Saved data\bronze\rejected_part_102.parquet
2026-07-02 10:43:59,721 | INFO | Saved data\bronze\rejected_part_103.parquet
2026-07-02 10:43:59,921 | INFO | Saved data\bronze\rejected_part_104.parquet
2026-07-02 10:44:00,125 | INFO | Saved data\bronze\rejected_part_105.parquet
2026-07-02 10:44:00,324 | INFO | Saved data\bronze\rejected_part_106.parquet
2026-07-02 10:44:00,528 | INFO | Saved data\bronze\rejected_part_107.parquet
2026-07-02 10:44:00,729 | INFO | Saved data\bronze\rejected_part_108.parquet
2026-07-02 10:44:00,935 | INFO | Saved data\bronze\rejected_part_109.parquet
2026-07-02 10:44:01,131 | INFO | Saved data\bronze\rejected_part_110.parquet
2026-07-02 10:44:01,340 | INFO | Saved data\bronze\rejected_part_111.parquet
2026-07-02 10:44:01,541 | INFO | Saved data\bronze\rejected_part_112.parquet
2026-07-02 10:44:01,741 | INFO | Saved data\bronze\rejected_part_113.parquet
2026-07-02 10:44:01,942 | INFO | Saved data\bronze\rejected_part_114.parquet
2026-07-02 10:44:02,143 | INFO | Saved data\bronze\rejected_part_115.parquet
2026-07-02 10:44:02,348 | INFO | Saved data\bronze\rejected_part_116.parquet
2026-07-02 10:44:02,567 | INFO | Saved data\bronze\rejected_part_117.parquet
2026-07-02 10:44:02,777 | INFO | Saved data\bronze\rejected_part_118.parquet
2026-07-02 10:44:02,988 | INFO | Saved data\bronze\rejected_part_119.parquet
2026-07-02 10:44:03,192 | INFO | Saved data\bronze\rejected_part_120.parquet
2026-07-02 10:44:03,399 | INFO | Saved data\bronze\rejected_part_121.parquet
2026-07-02 10:44:03,611 | INFO | Saved data\bronze\rejected_part_122.parquet
2026-07-02 10:44:03,822 | INFO | Saved data\bronze\rejected_part_123.parquet
2026-07-02 10:44:04,050 | INFO | Saved data\bronze\rejected_part_124.parquet
2026-07-02 10:44:04,273 | INFO | Saved data\bronze\rejected_part_125.parquet
2026-07-02 10:44:04,485 | INFO | Saved data\bronze\rejected_part_126.parquet
2026-07-02 10:44:04,691 | INFO | Saved data\bronze\rejected_part_127.parquet
2026-07-02 10:44:04,902 | INFO | Saved data\bronze\rejected_part_128.parquet
2026-07-02 10:44:05,110 | INFO | Saved data\bronze\rejected_part_129.parquet
2026-07-02 10:44:05,317 | INFO | Saved data\bronze\rejected_part_130.parquet
2026-07-02 10:44:05,530 | INFO | Saved data\bronze\rejected_part_131.parquet
2026-07-02 10:44:05,740 | INFO | Saved data\bronze\rejected_part_132.parquet
2026-07-02 10:44:05,950 | INFO | Saved data\bronze\rejected_part_133.parquet
2026-07-02 10:44:06,156 | INFO | Saved data\bronze\rejected_part_134.parquet
2026-07-02 10:44:06,359 | INFO | Saved data\bronze\rejected_part_135.parquet
2026-07-02 10:44:06,597 | INFO | Saved data\bronze\rejected_part_136.parquet
2026-07-02 10:44:06,806 | INFO | Saved data\bronze\rejected_part_137.parquet
2026-07-02 10:44:07,021 | INFO | Saved data\bronze\rejected_part_138.parquet
2026-07-02 10:44:07,232 | INFO | Saved data\bronze\rejected_part_139.parquet
2026-07-02 10:44:07,464 | INFO | Saved data\bronze\rejected_part_140.parquet
2026-07-02 10:44:07,669 | INFO | Saved data\bronze\rejected_part_141.parquet
2026-07-02 10:44:07,879 | INFO | Saved data\bronze\rejected_part_142.parquet
2026-07-02 10:44:08,093 | INFO | Saved data\bronze\rejected_part_143.parquet
2026-07-02 10:44:08,295 | INFO | Saved data\bronze\rejected_part_144.parquet
2026-07-02 10:44:08,500 | INFO | Saved data\bronze\rejected_part_145.parquet
2026-07-02 10:44:08,706 | INFO | Saved data\bronze\rejected_part_146.parquet
2026-07-02 10:44:08,907 | INFO | Saved data\bronze\rejected_part_147.parquet
2026-07-02 10:44:09,104 | INFO | Saved data\bronze\rejected_part_148.parquet
2026-07-02 10:44:09,309 | INFO | Saved data\bronze\rejected_part_149.parquet
2026-07-02 10:44:09,516 | INFO | Saved data\bronze\rejected_part_150.parquet
2026-07-02 10:44:09,720 | INFO | Saved data\bronze\rejected_part_151.parquet
2026-07-02 10:44:09,924 | INFO | Saved data\bronze\rejected_part_152.parquet
2026-07-02 10:44:10,124 | INFO | Saved data\bronze\rejected_part_153.parquet
2026-07-02 10:44:10,323 | INFO | Saved data\bronze\rejected_part_154.parquet
2026-07-02 10:44:10,527 | INFO | Saved data\bronze\rejected_part_155.parquet
2026-07-02 10:44:10,725 | INFO | Saved data\bronze\rejected_part_156.parquet
2026-07-02 10:44:10,926 | INFO | Saved data\bronze\rejected_part_157.parquet
2026-07-02 10:44:11,123 | INFO | Saved data\bronze\rejected_part_158.parquet
2026-07-02 10:44:11,321 | INFO | Saved data\bronze\rejected_part_159.parquet
2026-07-02 10:44:11,520 | INFO | Saved data\bronze\rejected_part_160.parquet
2026-07-02 10:44:11,731 | INFO | Saved data\bronze\rejected_part_161.parquet
2026-07-02 10:44:11,930 | INFO | Saved data\bronze\rejected_part_162.parquet
2026-07-02 10:44:12,127 | INFO | Saved data\bronze\rejected_part_163.parquet
2026-07-02 10:44:12,329 | INFO | Saved data\bronze\rejected_part_164.parquet
2026-07-02 10:44:12,528 | INFO | Saved data\bronze\rejected_part_165.parquet
2026-07-02 10:44:12,728 | INFO | Saved data\bronze\rejected_part_166.parquet
2026-07-02 10:44:12,933 | INFO | Saved data\bronze\rejected_part_167.parquet
2026-07-02 10:44:13,130 | INFO | Saved data\bronze\rejected_part_168.parquet
2026-07-02 10:44:13,326 | INFO | Saved data\bronze\rejected_part_169.parquet
2026-07-02 10:44:13,537 | INFO | Saved data\bronze\rejected_part_170.parquet
2026-07-02 10:44:13,737 | INFO | Saved data\bronze\rejected_part_171.parquet
2026-07-02 10:44:13,934 | INFO | Saved data\bronze\rejected_part_172.parquet
2026-07-02 10:44:14,138 | INFO | Saved data\bronze\rejected_part_173.parquet
2026-07-02 10:44:14,348 | INFO | Saved data\bronze\rejected_part_174.parquet
2026-07-02 10:44:14,544 | INFO | Saved data\bronze\rejected_part_175.parquet
2026-07-02 10:44:14,757 | INFO | Saved data\bronze\rejected_part_176.parquet
2026-07-02 10:44:14,958 | INFO | Saved data\bronze\rejected_part_177.parquet
2026-07-02 10:44:15,156 | INFO | Saved data\bronze\rejected_part_178.parquet
2026-07-02 10:44:15,364 | INFO | Saved data\bronze\rejected_part_179.parquet
2026-07-02 10:44:15,562 | INFO | Saved data\bronze\rejected_part_180.parquet
2026-07-02 10:44:15,763 | INFO | Saved data\bronze\rejected_part_181.parquet
2026-07-02 10:44:16,002 | INFO | Saved data\bronze\rejected_part_182.parquet
2026-07-02 10:44:16,199 | INFO | Saved data\bronze\rejected_part_183.parquet
2026-07-02 10:44:16,396 | INFO | Saved data\bronze\rejected_part_184.parquet
2026-07-02 10:44:16,605 | INFO | Saved data\bronze\rejected_part_185.parquet
2026-07-02 10:44:16,802 | INFO | Saved data\bronze\rejected_part_186.parquet
2026-07-02 10:44:17,005 | INFO | Saved data\bronze\rejected_part_187.parquet
2026-07-02 10:44:17,202 | INFO | Saved data\bronze\rejected_part_188.parquet
2026-07-02 10:44:17,401 | INFO | Saved data\bronze\rejected_part_189.parquet
2026-07-02 10:44:17,599 | INFO | Saved data\bronze\rejected_part_190.parquet
2026-07-02 10:44:17,808 | INFO | Saved data\bronze\rejected_part_191.parquet
2026-07-02 10:44:18,007 | INFO | Saved data\bronze\rejected_part_192.parquet
2026-07-02 10:44:18,203 | INFO | Saved data\bronze\rejected_part_193.parquet
2026-07-02 10:44:18,406 | INFO | Saved data\bronze\rejected_part_194.parquet
2026-07-02 10:44:18,601 | INFO | Saved data\bronze\rejected_part_195.parquet
2026-07-02 10:44:18,800 | INFO | Saved data\bronze\rejected_part_196.parquet
2026-07-02 10:44:19,017 | INFO | Saved data\bronze\rejected_part_197.parquet
2026-07-02 10:44:19,223 | INFO | Saved data\bronze\rejected_part_198.parquet
2026-07-02 10:44:19,437 | INFO | Saved data\bronze\rejected_part_199.parquet
2026-07-02 10:44:19,648 | INFO | Saved data\bronze\rejected_part_200.parquet
2026-07-02 10:44:19,855 | INFO | Saved data\bronze\rejected_part_201.parquet
2026-07-02 10:44:20,072 | INFO | Saved data\bronze\rejected_part_202.parquet
2026-07-02 10:44:20,280 | INFO | Saved data\bronze\rejected_part_203.parquet
2026-07-02 10:44:20,488 | INFO | Saved data\bronze\rejected_part_204.parquet
2026-07-02 10:44:20,699 | INFO | Saved data\bronze\rejected_part_205.parquet
2026-07-02 10:44:20,915 | INFO | Saved data\bronze\rejected_part_206.parquet
2026-07-02 10:44:21,122 | INFO | Saved data\bronze\rejected_part_207.parquet
2026-07-02 10:44:21,334 | INFO | Saved data\bronze\rejected_part_208.parquet
2026-07-02 10:44:21,545 | INFO | Saved data\bronze\rejected_part_209.parquet
2026-07-02 10:44:21,752 | INFO | Saved data\bronze\rejected_part_210.parquet
2026-07-02 10:44:21,964 | INFO | Saved data\bronze\rejected_part_211.parquet
2026-07-02 10:44:22,167 | INFO | Saved data\bronze\rejected_part_212.parquet
2026-07-02 10:44:22,373 | INFO | Saved data\bronze\rejected_part_213.parquet
2026-07-02 10:44:22,581 | INFO | Saved data\bronze\rejected_part_214.parquet
2026-07-02 10:44:22,791 | INFO | Saved data\bronze\rejected_part_215.parquet
2026-07-02 10:44:22,999 | INFO | Saved data\bronze\rejected_part_216.parquet
2026-07-02 10:44:23,208 | INFO | Saved data\bronze\rejected_part_217.parquet
2026-07-02 10:44:23,415 | INFO | Saved data\bronze\rejected_part_218.parquet
2026-07-02 10:44:23,625 | INFO | Saved data\bronze\rejected_part_219.parquet
2026-07-02 10:44:23,838 | INFO | Saved data\bronze\rejected_part_220.parquet
2026-07-02 10:44:24,037 | INFO | Saved data\bronze\rejected_part_221.parquet
2026-07-02 10:44:24,238 | INFO | Saved data\bronze\rejected_part_222.parquet
2026-07-02 10:44:24,445 | INFO | Saved data\bronze\rejected_part_223.parquet
2026-07-02 10:44:24,644 | INFO | Saved data\bronze\rejected_part_224.parquet
2026-07-02 10:44:24,843 | INFO | Saved data\bronze\rejected_part_225.parquet
2026-07-02 10:44:25,041 | INFO | Saved data\bronze\rejected_part_226.parquet
2026-07-02 10:44:25,245 | INFO | Saved data\bronze\rejected_part_227.parquet
2026-07-02 10:44:25,444 | INFO | Saved data\bronze\rejected_part_228.parquet
2026-07-02 10:44:25,641 | INFO | Saved data\bronze\rejected_part_229.parquet
2026-07-02 10:44:25,884 | INFO | Saved data\bronze\rejected_part_230.parquet
2026-07-02 10:44:26,083 | INFO | Saved data\bronze\rejected_part_231.parquet
2026-07-02 10:44:26,282 | INFO | Saved data\bronze\rejected_part_232.parquet
2026-07-02 10:44:26,491 | INFO | Saved data\bronze\rejected_part_233.parquet
2026-07-02 10:44:26,689 | INFO | Saved data\bronze\rejected_part_234.parquet
2026-07-02 10:44:26,889 | INFO | Saved data\bronze\rejected_part_235.parquet
2026-07-02 10:44:27,090 | INFO | Saved data\bronze\rejected_part_236.parquet
2026-07-02 10:44:27,295 | INFO | Saved data\bronze\rejected_part_237.parquet
2026-07-02 10:44:27,499 | INFO | Saved data\bronze\rejected_part_238.parquet
2026-07-02 10:44:27,711 | INFO | Saved data\bronze\rejected_part_239.parquet
2026-07-02 10:44:27,913 | INFO | Saved data\bronze\rejected_part_240.parquet
2026-07-02 10:44:28,115 | INFO | Saved data\bronze\rejected_part_241.parquet
2026-07-02 10:44:28,326 | INFO | Saved data\bronze\rejected_part_242.parquet
2026-07-02 10:44:28,527 | INFO | Saved data\bronze\rejected_part_243.parquet
2026-07-02 10:44:28,729 | INFO | Saved data\bronze\rejected_part_244.parquet
2026-07-02 10:44:28,945 | INFO | Saved data\bronze\rejected_part_245.parquet
2026-07-02 10:44:29,149 | INFO | Saved data\bronze\rejected_part_246.parquet
2026-07-02 10:44:29,355 | INFO | Saved data\bronze\rejected_part_247.parquet
2026-07-02 10:44:29,570 | INFO | Saved data\bronze\rejected_part_248.parquet
2026-07-02 10:44:29,778 | INFO | Saved data\bronze\rejected_part_249.parquet
2026-07-02 10:44:29,983 | INFO | Saved data\bronze\rejected_part_250.parquet
2026-07-02 10:44:30,192 | INFO | Saved data\bronze\rejected_part_251.parquet
2026-07-02 10:44:30,399 | INFO | Saved data\bronze\rejected_part_252.parquet
2026-07-02 10:44:30,604 | INFO | Saved data\bronze\rejected_part_253.parquet
2026-07-02 10:44:30,812 | INFO | Saved data\bronze\rejected_part_254.parquet
2026-07-02 10:44:31,017 | INFO | Saved data\bronze\rejected_part_255.parquet
2026-07-02 10:44:31,224 | INFO | Saved data\bronze\rejected_part_256.parquet
2026-07-02 10:44:31,431 | INFO | Saved data\bronze\rejected_part_257.parquet
2026-07-02 10:44:31,636 | INFO | Saved data\bronze\rejected_part_258.parquet
2026-07-02 10:44:31,846 | INFO | Saved data\bronze\rejected_part_259.parquet
2026-07-02 10:44:32,055 | INFO | Saved data\bronze\rejected_part_260.parquet
2026-07-02 10:44:32,260 | INFO | Saved data\bronze\rejected_part_261.parquet
2026-07-02 10:44:32,471 | INFO | Saved data\bronze\rejected_part_262.parquet
2026-07-02 10:44:32,680 | INFO | Saved data\bronze\rejected_part_263.parquet
2026-07-02 10:44:32,890 | INFO | Saved data\bronze\rejected_part_264.parquet
2026-07-02 10:44:33,103 | INFO | Saved data\bronze\rejected_part_265.parquet
2026-07-02 10:44:33,313 | INFO | Saved data\bronze\rejected_part_266.parquet
2026-07-02 10:44:33,521 | INFO | Saved data\bronze\rejected_part_267.parquet
2026-07-02 10:44:33,731 | INFO | Saved data\bronze\rejected_part_268.parquet
2026-07-02 10:44:33,942 | INFO | Saved data\bronze\rejected_part_269.parquet
2026-07-02 10:44:34,163 | INFO | Saved data\bronze\rejected_part_270.parquet
2026-07-02 10:44:34,391 | INFO | Saved data\bronze\rejected_part_271.parquet
2026-07-02 10:44:34,603 | INFO | Saved data\bronze\rejected_part_272.parquet
2026-07-02 10:44:34,811 | INFO | Saved data\bronze\rejected_part_273.parquet
2026-07-02 10:44:35,022 | INFO | Saved data\bronze\rejected_part_274.parquet
2026-07-02 10:44:35,227 | INFO | Saved data\bronze\rejected_part_275.parquet
2026-07-02 10:44:35,337 | INFO | Saved data\bronze\rejected_part_276.parquet
2026-07-02 10:44:35,338 | INFO | COMPLETED: rejected_2007_to_2018Q4.csv | chunks=277
2026-07-02 10:44:35,338 | INFO | PIPELINE COMPLETED SUCCESSFULLY
2026-07-02 10:44:35,339 | INFO | Accepted chunks: 23
2026-07-02 10:44:35,339 | INFO | Rejected chunks: 277
2026-07-02 10:44:35,339 | INFO | Duration: 0:02:51.063551
